<?xml version="1.0" encoding="UTF-8"?>
<!-- Generated by org.testng.reporters.JUnitXMLReporter -->
<testsuite ignored="0" hostname="Nest" failures="0" tests="9" name="Default test" time="19.373" errors="0" timestamp="2020-06-05T14:36:06 CEST">
  <testcase classname="testCases.Authentication" name="NegativeScenario1LoginWithInvalidUsername" time="2.034"/>
  <testcase classname="testCases.Authentication" name="NegativeScenario2LoginWithInvalidPassword" time="0.329"/>
  <testcase classname="testCases.Authentication" name="NegativeScenario3LoginWithInvalidUsernameAndPassword" time="0.317"/>
  <testcase classname="testCases.Authentication" name="NegativeScenario4LeaveUsernameBlank" time="0.23"/>
  <testcase classname="testCases.Authentication" name="NegativeScenario5LeavePasswordBlank" time="0.213"/>
  <testcase classname="testCases.Authentication" name="NegativeScenario6LeaveBothBlank" time="0.14"/>
  <testcase classname="testCases.Authentication" name="NegativeScenario7LockedUser" time="0.307"/>
  <testcase classname="testCases.Authentication" name="PositiveScenario1LoginWithValidUsernameAndPassword" time="10.588"/>
  <testcase classname="testCases.Authentication" name="PositiveScenario2LogOut" time="0.34"/>
</testsuite> <!-- Default test -->
